<?xml version="1.0" encoding="utf-8"?><testsuites name="pytest tests"><testsuite name="pytest" errors="0" failures="0" skipped="0" tests="32" time="3.418" timestamp="2026-04-18T12:52:30.200757+00:00" hostname="agent-env-e445ba65-92b1-4f38-8dfd-01f33484b6dd"><testcase classname="backend.tests.test_laxmi_oils_api.TestAPIRoot" name="test_api_root" time="0.124" /><testcase classname="backend.tests.test_laxmi_oils_api.TestProducts" name="test_list_products_returns_6" time="0.045" /><testcase classname="backend.tests.test_laxmi_oils_api.TestProducts" name="test_get_single_product" time="0.051" /><testcase classname="backend.tests.test_laxmi_oils_api.TestProducts" name="test_filter_by_category_mustard" time="0.051" /><testcase classname="backend.tests.test_laxmi_oils_api.TestProducts" name="test_filter_by_category_groundnut" time="0.046" /><testcase classname="backend.tests.test_laxmi_oils_api.TestProducts" name="test_product_not_found" time="0.051" /><testcase classname="backend.tests.test_laxmi_oils_api.TestAuth" name="test_register_new_customer" time="0.276" /><testcase classname="backend.tests.test_laxmi_oils_api.TestAuth" name="test_register_duplicate_email_fails" time="0.059" /><testcase classname="backend.tests.test_laxmi_oils_api.TestAuth" name="test_admin_login" time="0.267" /><testcase classname="backend.tests.test_laxmi_oils_api.TestAuth" name="test_login_wrong_password" time="0.264" /><testcase classname="backend.tests.test_laxmi_oils_api.TestAuth" name="test_login_nonexistent_user" time="0.043" /><testcase classname="backend.tests.test_laxmi_oils_api.TestAuth" name="test_get_me_with_token" time="0.310" /><testcase classname="backend.tests.test_laxmi_oils_api.TestAuth" name="test_get_me_without_token" time="0.043" /><testcase classname="backend.tests.test_laxmi_oils_api.TestOrders" name="test_create_order_as_guest" time="0.054" /><testcase classname="backend.tests.test_laxmi_oils_api.TestOrders" name="test_create_order_with_standard_shipping_fee" time="0.044" /><testcase classname="backend.tests.test_laxmi_oils_api.TestOrders" name="test_create_order_with_express_shipping" time="0.043" /><testcase classname="backend.tests.test_laxmi_oils_api.TestOrders" name="test_create_order_as_customer" time="0.337" /><testcase classname="backend.tests.test_laxmi_oils_api.TestOrders" name="test_get_my_orders" time="0.043" /><testcase classname="backend.tests.test_laxmi_oils_api.TestOrders" name="test_get_my_orders_without_auth" time="0.048" /><testcase classname="backend.tests.test_laxmi_oils_api.TestB2BLeads" name="test_create_b2b_lead" time="0.046" /><testcase classname="backend.tests.test_laxmi_oils_api.TestB2BLeads" name="test_create_b2b_lead_minimal" time="0.043" /><testcase classname="backend.tests.test_laxmi_oils_api.TestAdminEndpoints" name="test_admin_stats" time="0.043" /><testcase classname="backend.tests.test_laxmi_oils_api.TestAdminEndpoints" name="test_admin_stats_without_auth" time="0.083" /><testcase classname="backend.tests.test_laxmi_oils_api.TestAdminEndpoints" name="test_admin_stats_as_customer" time="0.046" /><testcase classname="backend.tests.test_laxmi_oils_api.TestAdminEndpoints" name="test_admin_get_leads" time="0.042" /><testcase classname="backend.tests.test_laxmi_oils_api.TestAdminEndpoints" name="test_admin_get_orders" time="0.045" /><testcase classname="backend.tests.test_laxmi_oils_api.TestAdminEndpoints" name="test_admin_update_order_status" time="0.103" /><testcase classname="backend.tests.test_laxmi_oils_api.TestAdminProductCRUD" name="test_create_product_as_admin" time="0.043" /><testcase classname="backend.tests.test_laxmi_oils_api.TestAdminProductCRUD" name="test_create_product_as_customer_fails" time="0.082" /><testcase classname="backend.tests.test_laxmi_oils_api.TestAdminProductCRUD" name="test_update_product_as_admin" time="0.100" /><testcase classname="backend.tests.test_laxmi_oils_api.TestAdminProductCRUD" name="test_delete_product_as_admin" time="0.141" /><testcase classname="backend.tests.test_laxmi_oils_api.TestGoogleSession" name="test_google_session_endpoint_exists" time="0.246" /></testsuite></testsuites>